{"C:\\Users\\hussa\\Downloads\\nodeprac\\proj\\index.js": {"path":"C:\\Users\\hussa\\Downloads\\nodeprac\\proj\\index.js","statementMap":{"0":{"start":{"line":2,"column":16},"end":{"line":2,"column":34}},"1":{"start":{"line":3,"column":12},"end":{"line":3,"column":21}},"2":{"start":{"line":4,"column":16},"end":{"line":4,"column":34}},"3":{"start":{"line":6,"column":0},"end":{"line":6,"column":31}},"4":{"start":{"line":7,"column":0},"end":{"line":7,"column":32}},"5":{"start":{"line":8,"column":0},"end":{"line":8,"column":26}},"6":{"start":{"line":9,"column":0},"end":{"line":9,"column":30}},"7":{"start":{"line":10,"column":0},"end":{"line":10,"column":34}},"8":{"start":{"line":12,"column":13},"end":{"line":12,"column":37}},"9":{"start":{"line":13,"column":15},"end":{"line":13,"column":82}},"10":{"start":{"line":13,"column":37},"end":{"line":13,"column":81}},"11":{"start":{"line":14,"column":0},"end":{"line":14,"column":23}}},"fnMap":{"0":{"name":"(anonymous_0)","decl":{"start":{"line":13,"column":31},"end":{"line":13,"column":32}},"loc":{"start":{"line":13,"column":37},"end":{"line":13,"column":81}},"line":13}},"branchMap":{"0":{"loc":{"start":{"line":12,"column":13},"end":{"line":12,"column":37}},"type":"binary-expr","locations":[{"start":{"line":12,"column":13},"end":{"line":12,"column":29}},{"start":{"line":12,"column":33},"end":{"line":12,"column":37}}],"line":12}},"s":{"0":3,"1":3,"2":3,"3":3,"4":3,"5":3,"6":3,"7":3,"8":3,"9":3,"10":3,"11":3},"f":{"0":3},"b":{"0":[3,3]},"_coverageSchema":"1a1c01bbd47fc00a2c39e90264f33305004495a9","hash":"707bab5785fbd71cb042ce2aab9bd957b4df66cc"}
,"C:\\Users\\hussa\\Downloads\\nodeprac\\proj\\middleware\\admin.js": {"path":"C:\\Users\\hussa\\Downloads\\nodeprac\\proj\\middleware\\admin.js","statementMap":{"0":{"start":{"line":2,"column":0},"end":{"line":5,"column":1}},"1":{"start":{"line":3,"column":4},"end":{"line":3,"column":91}},"2":{"start":{"line":3,"column":26},"end":{"line":3,"column":91}},"3":{"start":{"line":4,"column":4},"end":{"line":4,"column":11}}},"fnMap":{"0":{"name":"(anonymous_0)","decl":{"start":{"line":2,"column":17},"end":{"line":2,"column":18}},"loc":{"start":{"line":2,"column":40},"end":{"line":5,"column":1}},"line":2}},"branchMap":{"0":{"loc":{"start":{"line":3,"column":4},"end":{"line":3,"column":91}},"type":"if","locations":[{"start":{"line":3,"column":4},"end":{"line":3,"column":91}},{"start":{"line":3,"column":4},"end":{"line":3,"column":91}}],"line":3}},"s":{"0":3,"1":5,"2":1,"3":4},"f":{"0":5},"b":{"0":[1,4]},"_coverageSchema":"1a1c01bbd47fc00a2c39e90264f33305004495a9","hash":"6905218cd3c1dcb1e7f32fafddac2b6c33bf91b8"}
,"C:\\Users\\hussa\\Downloads\\nodeprac\\proj\\middleware\\async.js": {"path":"C:\\Users\\hussa\\Downloads\\nodeprac\\proj\\middleware\\async.js","statementMap":{"0":{"start":{"line":1,"column":0},"end":{"line":10,"column":1}},"1":{"start":{"line":2,"column":4},"end":{"line":9,"column":5}},"2":{"start":{"line":3,"column":8},"end":{"line":8,"column":9}},"3":{"start":{"line":4,"column":12},"end":{"line":4,"column":35}},"4":{"start":{"line":7,"column":12},"end":{"line":7,"column":21}}},"fnMap":{"0":{"name":"asyncMiddleware","decl":{"start":{"line":1,"column":26},"end":{"line":1,"column":41}},"loc":{"start":{"line":1,"column":50},"end":{"line":10,"column":1}},"line":1},"1":{"name":"(anonymous_1)","decl":{"start":{"line":2,"column":11},"end":{"line":2,"column":12}},"loc":{"start":{"line":2,"column":33},"end":{"line":9,"column":5}},"line":2}},"branchMap":{},"s":{"0":3,"1":6,"2":6,"3":6,"4":0},"f":{"0":6,"1":6},"b":{},"_coverageSchema":"1a1c01bbd47fc00a2c39e90264f33305004495a9","hash":"8528558cb5515ae5b6c6fd2e395413c69af1a772"}
,"C:\\Users\\hussa\\Downloads\\nodeprac\\proj\\middleware\\auth.js": {"path":"C:\\Users\\hussa\\Downloads\\nodeprac\\proj\\middleware\\auth.js","statementMap":{"0":{"start":{"line":1,"column":15},"end":{"line":1,"column":32}},"1":{"start":{"line":2,"column":12},"end":{"line":2,"column":35}},"2":{"start":{"line":4,"column":18},"end":{"line":4,"column":44}},"3":{"start":{"line":5,"column":4},"end":{"line":5,"column":80}},"4":{"start":{"line":5,"column":15},"end":{"line":5,"column":80}},"5":{"start":{"line":6,"column":4},"end":{"line":13,"column":5}},"6":{"start":{"line":7,"column":24},"end":{"line":7,"column":70}},"7":{"start":{"line":8,"column":8},"end":{"line":8,"column":27}},"8":{"start":{"line":9,"column":8},"end":{"line":9,"column":15}},"9":{"start":{"line":12,"column":8},"end":{"line":12,"column":46}},"10":{"start":{"line":17,"column":0},"end":{"line":17,"column":22}}},"fnMap":{"0":{"name":"auth","decl":{"start":{"line":3,"column":9},"end":{"line":3,"column":13}},"loc":{"start":{"line":3,"column":27},"end":{"line":14,"column":1}},"line":3}},"branchMap":{"0":{"loc":{"start":{"line":5,"column":4},"end":{"line":5,"column":80}},"type":"if","locations":[{"start":{"line":5,"column":4},"end":{"line":5,"column":80}},{"start":{"line":5,"column":4},"end":{"line":5,"column":80}}],"line":5}},"s":{"0":4,"1":4,"2":21,"3":21,"4":3,"5":18,"6":18,"7":17,"8":17,"9":1,"10":4},"f":{"0":21},"b":{"0":[3,18]},"_coverageSchema":"1a1c01bbd47fc00a2c39e90264f33305004495a9","hash":"223bb81c9419d7188f40ac7ae3204a11a719e219"}
,"C:\\Users\\hussa\\Downloads\\nodeprac\\proj\\middleware\\error.js": {"path":"C:\\Users\\hussa\\Downloads\\nodeprac\\proj\\middleware\\error.js","statementMap":{"0":{"start":{"line":1,"column":16},"end":{"line":1,"column":34}},"1":{"start":{"line":2,"column":0},"end":{"line":13,"column":1}},"2":{"start":{"line":4,"column":4},"end":{"line":4,"column":31}},"3":{"start":{"line":12,"column":4},"end":{"line":12,"column":45}}},"fnMap":{"0":{"name":"(anonymous_0)","decl":{"start":{"line":2,"column":17},"end":{"line":2,"column":18}},"loc":{"start":{"line":2,"column":43},"end":{"line":13,"column":1}},"line":2}},"branchMap":{},"s":{"0":3,"1":3,"2":0,"3":0},"f":{"0":0},"b":{},"_coverageSchema":"1a1c01bbd47fc00a2c39e90264f33305004495a9","hash":"d4fdc9c410cde500c8d98f7e3799e213293bb086"}
,"C:\\Users\\hussa\\Downloads\\nodeprac\\proj\\middleware\\validateObjectId.js": {"path":"C:\\Users\\hussa\\Downloads\\nodeprac\\proj\\middleware\\validateObjectId.js","statementMap":{"0":{"start":{"line":2,"column":17},"end":{"line":2,"column":36}},"1":{"start":{"line":3,"column":0},"end":{"line":7,"column":1}},"2":{"start":{"line":4,"column":4},"end":{"line":5,"column":51}},"3":{"start":{"line":5,"column":8},"end":{"line":5,"column":51}},"4":{"start":{"line":6,"column":4},"end":{"line":6,"column":11}}},"fnMap":{"0":{"name":"(anonymous_0)","decl":{"start":{"line":3,"column":17},"end":{"line":3,"column":18}},"loc":{"start":{"line":3,"column":41},"end":{"line":7,"column":1}},"line":3}},"branchMap":{"0":{"loc":{"start":{"line":4,"column":4},"end":{"line":5,"column":51}},"type":"if","locations":[{"start":{"line":4,"column":4},"end":{"line":5,"column":51}},{"start":{"line":4,"column":4},"end":{"line":5,"column":51}}],"line":4}},"s":{"0":3,"1":3,"2":12,"3":3,"4":9},"f":{"0":12},"b":{"0":[3,9]},"_coverageSchema":"1a1c01bbd47fc00a2c39e90264f33305004495a9","hash":"ae70cd8da9a46b1c06911fb4d7297a563652dda1"}
,"C:\\Users\\hussa\\Downloads\\nodeprac\\proj\\models\\customer.js": {"path":"C:\\Users\\hussa\\Downloads\\nodeprac\\proj\\models\\customer.js","statementMap":{"0":{"start":{"line":1,"column":17},"end":{"line":1,"column":36}},"1":{"start":{"line":2,"column":12},"end":{"line":2,"column":26}},"2":{"start":{"line":4,"column":24},"end":{"line":16,"column":2}},"3":{"start":{"line":19,"column":19},"end":{"line":23,"column":5}},"4":{"start":{"line":24,"column":4},"end":{"line":24,"column":41}},"5":{"start":{"line":26,"column":17},"end":{"line":26,"column":60}},"6":{"start":{"line":27,"column":0},"end":{"line":27,"column":28}},"7":{"start":{"line":28,"column":0},"end":{"line":28,"column":36}}},"fnMap":{"0":{"name":"validateCustomer","decl":{"start":{"line":18,"column":9},"end":{"line":18,"column":25}},"loc":{"start":{"line":18,"column":35},"end":{"line":25,"column":1}},"line":18}},"branchMap":{},"s":{"0":3,"1":3,"2":3,"3":0,"4":0,"5":3,"6":3,"7":3},"f":{"0":0},"b":{},"_coverageSchema":"1a1c01bbd47fc00a2c39e90264f33305004495a9","hash":"6537494771c60cbbf297530646822b0260a3f295"}
,"C:\\Users\\hussa\\Downloads\\nodeprac\\proj\\models\\genre.js": {"path":"C:\\Users\\hussa\\Downloads\\nodeprac\\proj\\models\\genre.js","statementMap":{"0":{"start":{"line":1,"column":12},"end":{"line":1,"column":26}},"1":{"start":{"line":2,"column":17},"end":{"line":2,"column":36}},"2":{"start":{"line":5,"column":20},"end":{"line":11,"column":2}},"3":{"start":{"line":13,"column":14},"end":{"line":13,"column":49}},"4":{"start":{"line":17,"column":19},"end":{"line":19,"column":5}},"5":{"start":{"line":20,"column":4},"end":{"line":20,"column":38}},"6":{"start":{"line":23,"column":0},"end":{"line":23,"column":21}},"7":{"start":{"line":24,"column":0},"end":{"line":24,"column":32}},"8":{"start":{"line":25,"column":0},"end":{"line":25,"column":33}}},"fnMap":{"0":{"name":"validateGenre","decl":{"start":{"line":16,"column":9},"end":{"line":16,"column":22}},"loc":{"start":{"line":16,"column":29},"end":{"line":21,"column":1}},"line":16}},"branchMap":{},"s":{"0":3,"1":3,"2":3,"3":3,"4":10,"5":10,"6":3,"7":3,"8":3},"f":{"0":10},"b":{},"_coverageSchema":"1a1c01bbd47fc00a2c39e90264f33305004495a9","hash":"dc222db9d9ce301558825a7d669af5a457835d72"}
,"C:\\Users\\hussa\\Downloads\\nodeprac\\proj\\models\\movie.js": {"path":"C:\\Users\\hussa\\Downloads\\nodeprac\\proj\\models\\movie.js","statementMap":{"0":{"start":{"line":1,"column":17},"end":{"line":1,"column":36}},"1":{"start":{"line":2,"column":22},"end":{"line":2,"column":40}},"2":{"start":{"line":3,"column":12},"end":{"line":3,"column":26}},"3":{"start":{"line":8,"column":14},"end":{"line":32,"column":3}},"4":{"start":{"line":35,"column":19},"end":{"line":40,"column":5}},"5":{"start":{"line":41,"column":4},"end":{"line":41,"column":39}},"6":{"start":{"line":44,"column":0},"end":{"line":44,"column":21}},"7":{"start":{"line":45,"column":0},"end":{"line":45,"column":33}}},"fnMap":{"0":{"name":"validateMovie","decl":{"start":{"line":34,"column":9},"end":{"line":34,"column":22}},"loc":{"start":{"line":34,"column":29},"end":{"line":42,"column":1}},"line":34}},"branchMap":{},"s":{"0":3,"1":3,"2":3,"3":3,"4":0,"5":0,"6":3,"7":3},"f":{"0":0},"b":{},"_coverageSchema":"1a1c01bbd47fc00a2c39e90264f33305004495a9","hash":"001f22225b6b116a9dc440ea2277d801537e24d7"}
,"C:\\Users\\hussa\\Downloads\\nodeprac\\proj\\models\\rental.js": {"path":"C:\\Users\\hussa\\Downloads\\nodeprac\\proj\\models\\rental.js","statementMap":{"0":{"start":{"line":1,"column":17},"end":{"line":1,"column":36}},"1":{"start":{"line":2,"column":12},"end":{"line":2,"column":26}},"2":{"start":{"line":3,"column":15},"end":{"line":55,"column":3}},"3":{"start":{"line":58,"column":20},"end":{"line":61,"column":5}},"4":{"start":{"line":62,"column":0},"end":{"line":62,"column":35}},"5":{"start":{"line":65,"column":0},"end":{"line":65,"column":34}},"6":{"start":{"line":66,"column":0},"end":{"line":66,"column":24}}},"fnMap":{"0":{"name":"validateRental","decl":{"start":{"line":57,"column":9},"end":{"line":57,"column":23}},"loc":{"start":{"line":57,"column":31},"end":{"line":63,"column":1}},"line":57}},"branchMap":{},"s":{"0":3,"1":3,"2":3,"3":0,"4":0,"5":3,"6":3},"f":{"0":0},"b":{},"_coverageSchema":"1a1c01bbd47fc00a2c39e90264f33305004495a9","hash":"a9c4b6a2ef37e30a1de93ca07f0481e716e43e60"}
,"C:\\Users\\hussa\\Downloads\\nodeprac\\proj\\models\\user.js": {"path":"C:\\Users\\hussa\\Downloads\\nodeprac\\proj\\models\\user.js","statementMap":{"0":{"start":{"line":1,"column":17},"end":{"line":1,"column":36}},"1":{"start":{"line":2,"column":12},"end":{"line":2,"column":26}},"2":{"start":{"line":3,"column":15},"end":{"line":3,"column":32}},"3":{"start":{"line":4,"column":12},"end":{"line":4,"column":35}},"4":{"start":{"line":5,"column":19},"end":{"line":26,"column":2}},"5":{"start":{"line":28,"column":0},"end":{"line":31,"column":1}},"6":{"start":{"line":29,"column":18},"end":{"line":29,"column":95}},"7":{"start":{"line":30,"column":4},"end":{"line":30,"column":17}},"8":{"start":{"line":34,"column":19},"end":{"line":38,"column":5}},"9":{"start":{"line":39,"column":4},"end":{"line":39,"column":37}},"10":{"start":{"line":41,"column":13},"end":{"line":41,"column":47}},"11":{"start":{"line":42,"column":0},"end":{"line":42,"column":20}},"12":{"start":{"line":43,"column":0},"end":{"line":43,"column":32}}},"fnMap":{"0":{"name":"(anonymous_0)","decl":{"start":{"line":28,"column":39},"end":{"line":28,"column":40}},"loc":{"start":{"line":28,"column":49},"end":{"line":31,"column":1}},"line":28},"1":{"name":"validateUser","decl":{"start":{"line":33,"column":9},"end":{"line":33,"column":21}},"loc":{"start":{"line":33,"column":27},"end":{"line":40,"column":1}},"line":33}},"branchMap":{},"s":{"0":5,"1":5,"2":5,"3":5,"4":5,"5":5,"6":29,"7":29,"8":0,"9":0,"10":5,"11":5,"12":5},"f":{"0":29,"1":0},"b":{},"_coverageSchema":"1a1c01bbd47fc00a2c39e90264f33305004495a9","hash":"26885160998d62708df9b40bde682e48357e2713"}
,"C:\\Users\\hussa\\Downloads\\nodeprac\\proj\\routes\\auth.js": {"path":"C:\\Users\\hussa\\Downloads\\nodeprac\\proj\\routes\\auth.js","statementMap":{"0":{"start":{"line":1,"column":16},"end":{"line":1,"column":34}},"1":{"start":{"line":2,"column":15},"end":{"line":2,"column":31}},"2":{"start":{"line":3,"column":15},"end":{"line":3,"column":40}},"3":{"start":{"line":4,"column":10},"end":{"line":4,"column":27}},"4":{"start":{"line":5,"column":15},"end":{"line":5,"column":32}},"5":{"start":{"line":6,"column":12},"end":{"line":6,"column":26}},"6":{"start":{"line":11,"column":0},"end":{"line":22,"column":3}},"7":{"start":{"line":12,"column":22},"end":{"line":12,"column":40}},"8":{"start":{"line":13,"column":4},"end":{"line":13,"column":69}},"9":{"start":{"line":13,"column":15},"end":{"line":13,"column":69}},"10":{"start":{"line":14,"column":15},"end":{"line":14,"column":57}},"11":{"start":{"line":15,"column":4},"end":{"line":15,"column":73}},"12":{"start":{"line":15,"column":15},"end":{"line":15,"column":73}},"13":{"start":{"line":17,"column":26},"end":{"line":17,"column":79}},"14":{"start":{"line":18,"column":4},"end":{"line":18,"column":80}},"15":{"start":{"line":18,"column":23},"end":{"line":18,"column":80}},"16":{"start":{"line":20,"column":18},"end":{"line":20,"column":42}},"17":{"start":{"line":21,"column":4},"end":{"line":21,"column":20}},"18":{"start":{"line":25,"column":19},"end":{"line":28,"column":5}},"19":{"start":{"line":29,"column":4},"end":{"line":29,"column":36}},"20":{"start":{"line":32,"column":0},"end":{"line":32,"column":24}}},"fnMap":{"0":{"name":"(anonymous_0)","decl":{"start":{"line":11,"column":17},"end":{"line":11,"column":18}},"loc":{"start":{"line":11,"column":37},"end":{"line":22,"column":1}},"line":11},"1":{"name":"validate","decl":{"start":{"line":24,"column":9},"end":{"line":24,"column":17}},"loc":{"start":{"line":24,"column":22},"end":{"line":30,"column":1}},"line":24}},"branchMap":{"0":{"loc":{"start":{"line":13,"column":4},"end":{"line":13,"column":69}},"type":"if","locations":[{"start":{"line":13,"column":4},"end":{"line":13,"column":69}},{"start":{"line":13,"column":4},"end":{"line":13,"column":69}}],"line":13},"1":{"loc":{"start":{"line":15,"column":4},"end":{"line":15,"column":73}},"type":"if","locations":[{"start":{"line":15,"column":4},"end":{"line":15,"column":73}},{"start":{"line":15,"column":4},"end":{"line":15,"column":73}}],"line":15},"2":{"loc":{"start":{"line":18,"column":4},"end":{"line":18,"column":80}},"type":"if","locations":[{"start":{"line":18,"column":4},"end":{"line":18,"column":80}},{"start":{"line":18,"column":4},"end":{"line":18,"column":80}}],"line":18}},"s":{"0":3,"1":3,"2":3,"3":3,"4":3,"5":3,"6":3,"7":0,"8":0,"9":0,"10":0,"11":0,"12":0,"13":0,"14":0,"15":0,"16":0,"17":0,"18":0,"19":0,"20":3},"f":{"0":0,"1":0},"b":{"0":[0,0],"1":[0,0],"2":[0,0]},"_coverageSchema":"1a1c01bbd47fc00a2c39e90264f33305004495a9","hash":"015151097d446c059e84bfa16cb0c3e6499c58e7"}
,"C:\\Users\\hussa\\Downloads\\nodeprac\\proj\\routes\\customers.js": {"path":"C:\\Users\\hussa\\Downloads\\nodeprac\\proj\\routes\\customers.js","statementMap":{"0":{"start":{"line":1,"column":16},"end":{"line":1,"column":34}},"1":{"start":{"line":2,"column":15},"end":{"line":2,"column":31}},"2":{"start":{"line":5,"column":29},"end":{"line":5,"column":58}},"3":{"start":{"line":9,"column":0},"end":{"line":12,"column":2}},"4":{"start":{"line":10,"column":21},"end":{"line":10,"column":55}},"5":{"start":{"line":11,"column":4},"end":{"line":11,"column":23}},"6":{"start":{"line":15,"column":0},"end":{"line":31,"column":3}},"7":{"start":{"line":16,"column":20},"end":{"line":16,"column":38}},"8":{"start":{"line":17,"column":4},"end":{"line":20,"column":5}},"9":{"start":{"line":18,"column":8},"end":{"line":18,"column":55}},"10":{"start":{"line":19,"column":8},"end":{"line":19,"column":15}},"11":{"start":{"line":21,"column":4},"end":{"line":30,"column":5}},"12":{"start":{"line":22,"column":25},"end":{"line":24,"column":36}},"13":{"start":{"line":25,"column":8},"end":{"line":25,"column":29}},"14":{"start":{"line":26,"column":8},"end":{"line":26,"column":27}},"15":{"start":{"line":29,"column":8},"end":{"line":29,"column":41}},"16":{"start":{"line":35,"column":0},"end":{"line":45,"column":3}},"17":{"start":{"line":36,"column":20},"end":{"line":36,"column":38}},"18":{"start":{"line":37,"column":4},"end":{"line":40,"column":5}},"19":{"start":{"line":38,"column":8},"end":{"line":38,"column":54}},"20":{"start":{"line":39,"column":8},"end":{"line":39,"column":15}},"21":{"start":{"line":42,"column":21},"end":{"line":42,"column":101}},"22":{"start":{"line":43,"column":4},"end":{"line":43,"column":90}},"23":{"start":{"line":43,"column":18},"end":{"line":43,"column":90}},"24":{"start":{"line":44,"column":4},"end":{"line":44,"column":23}},"25":{"start":{"line":48,"column":0},"end":{"line":52,"column":3}},"26":{"start":{"line":49,"column":22},"end":{"line":49,"column":69}},"27":{"start":{"line":50,"column":4},"end":{"line":50,"column":92}},"28":{"start":{"line":50,"column":19},"end":{"line":50,"column":92}},"29":{"start":{"line":51,"column":4},"end":{"line":51,"column":22}},"30":{"start":{"line":56,"column":0},"end":{"line":56,"column":24}}},"fnMap":{"0":{"name":"(anonymous_0)","decl":{"start":{"line":9,"column":16},"end":{"line":9,"column":17}},"loc":{"start":{"line":9,"column":35},"end":{"line":12,"column":1}},"line":9},"1":{"name":"(anonymous_1)","decl":{"start":{"line":15,"column":16},"end":{"line":15,"column":17}},"loc":{"start":{"line":15,"column":34},"end":{"line":31,"column":1}},"line":15},"2":{"name":"(anonymous_2)","decl":{"start":{"line":35,"column":19},"end":{"line":35,"column":20}},"loc":{"start":{"line":35,"column":37},"end":{"line":45,"column":1}},"line":35},"3":{"name":"(anonymous_3)","decl":{"start":{"line":48,"column":21},"end":{"line":48,"column":22}},"loc":{"start":{"line":48,"column":38},"end":{"line":52,"column":1}},"line":48}},"branchMap":{"0":{"loc":{"start":{"line":17,"column":4},"end":{"line":20,"column":5}},"type":"if","locations":[{"start":{"line":17,"column":4},"end":{"line":20,"column":5}},{"start":{"line":17,"column":4},"end":{"line":20,"column":5}}],"line":17},"1":{"loc":{"start":{"line":37,"column":4},"end":{"line":40,"column":5}},"type":"if","locations":[{"start":{"line":37,"column":4},"end":{"line":40,"column":5}},{"start":{"line":37,"column":4},"end":{"line":40,"column":5}}],"line":37},"2":{"loc":{"start":{"line":43,"column":4},"end":{"line":43,"column":90}},"type":"if","locations":[{"start":{"line":43,"column":4},"end":{"line":43,"column":90}},{"start":{"line":43,"column":4},"end":{"line":43,"column":90}}],"line":43},"3":{"loc":{"start":{"line":50,"column":4},"end":{"line":50,"column":92}},"type":"if","locations":[{"start":{"line":50,"column":4},"end":{"line":50,"column":92}},{"start":{"line":50,"column":4},"end":{"line":50,"column":92}}],"line":50}},"s":{"0":3,"1":3,"2":3,"3":3,"4":0,"5":0,"6":3,"7":0,"8":0,"9":0,"10":0,"11":0,"12":0,"13":0,"14":0,"15":0,"16":3,"17":0,"18":0,"19":0,"20":0,"21":0,"22":0,"23":0,"24":0,"25":3,"26":0,"27":0,"28":0,"29":0,"30":3},"f":{"0":0,"1":0,"2":0,"3":0},"b":{"0":[0,0],"1":[0,0],"2":[0,0],"3":[0,0]},"_coverageSchema":"1a1c01bbd47fc00a2c39e90264f33305004495a9","hash":"a0420a65fb65ef533bb71437ecb5cfda50ff3694"}
,"C:\\Users\\hussa\\Downloads\\nodeprac\\proj\\routes\\genres.js": {"path":"C:\\Users\\hussa\\Downloads\\nodeprac\\proj\\routes\\genres.js","statementMap":{"0":{"start":{"line":1,"column":25},"end":{"line":1,"column":66}},"1":{"start":{"line":2,"column":16},"end":{"line":2,"column":34}},"2":{"start":{"line":3,"column":17},"end":{"line":3,"column":36}},"3":{"start":{"line":4,"column":15},"end":{"line":4,"column":31}},"4":{"start":{"line":5,"column":13},"end":{"line":5,"column":42}},"5":{"start":{"line":6,"column":14},"end":{"line":6,"column":44}},"6":{"start":{"line":7,"column":26},"end":{"line":7,"column":52}},"7":{"start":{"line":8,"column":24},"end":{"line":8,"column":54}},"8":{"start":{"line":12,"column":0},"end":{"line":16,"column":4}},"9":{"start":{"line":14,"column":19},"end":{"line":14,"column":50}},"10":{"start":{"line":15,"column":4},"end":{"line":15,"column":21}},"11":{"start":{"line":18,"column":0},"end":{"line":24,"column":4}},"12":{"start":{"line":19,"column":22},"end":{"line":19,"column":40}},"13":{"start":{"line":20,"column":4},"end":{"line":20,"column":69}},"14":{"start":{"line":20,"column":15},"end":{"line":20,"column":69}},"15":{"start":{"line":21,"column":18},"end":{"line":21,"column":52}},"16":{"start":{"line":22,"column":4},"end":{"line":22,"column":23}},"17":{"start":{"line":23,"column":4},"end":{"line":23,"column":20}},"18":{"start":{"line":26,"column":0},"end":{"line":37,"column":3}},"19":{"start":{"line":27,"column":22},"end":{"line":27,"column":40}},"20":{"start":{"line":28,"column":4},"end":{"line":28,"column":69}},"21":{"start":{"line":28,"column":15},"end":{"line":28,"column":69}},"22":{"start":{"line":30,"column":18},"end":{"line":32,"column":6}},"23":{"start":{"line":34,"column":4},"end":{"line":34,"column":90}},"24":{"start":{"line":34,"column":16},"end":{"line":34,"column":90}},"25":{"start":{"line":36,"column":4},"end":{"line":36,"column":20}},"26":{"start":{"line":39,"column":0},"end":{"line":45,"column":3}},"27":{"start":{"line":40,"column":18},"end":{"line":40,"column":62}},"28":{"start":{"line":42,"column":4},"end":{"line":42,"column":90}},"29":{"start":{"line":42,"column":16},"end":{"line":42,"column":90}},"30":{"start":{"line":44,"column":4},"end":{"line":44,"column":20}},"31":{"start":{"line":47,"column":0},"end":{"line":56,"column":3}},"32":{"start":{"line":48,"column":4},"end":{"line":49,"column":50}},"33":{"start":{"line":49,"column":8},"end":{"line":49,"column":50}},"34":{"start":{"line":51,"column":18},"end":{"line":51,"column":53}},"35":{"start":{"line":53,"column":4},"end":{"line":53,"column":90}},"36":{"start":{"line":53,"column":16},"end":{"line":53,"column":90}},"37":{"start":{"line":55,"column":4},"end":{"line":55,"column":20}},"38":{"start":{"line":58,"column":0},"end":{"line":58,"column":24}}},"fnMap":{"0":{"name":"(anonymous_0)","decl":{"start":{"line":12,"column":32},"end":{"line":12,"column":33}},"loc":{"start":{"line":12,"column":57},"end":{"line":16,"column":1}},"line":12},"1":{"name":"(anonymous_1)","decl":{"start":{"line":18,"column":40},"end":{"line":18,"column":41}},"loc":{"start":{"line":18,"column":60},"end":{"line":24,"column":1}},"line":18},"2":{"name":"(anonymous_2)","decl":{"start":{"line":26,"column":43},"end":{"line":26,"column":44}},"loc":{"start":{"line":26,"column":63},"end":{"line":37,"column":1}},"line":26},"3":{"name":"(anonymous_3)","decl":{"start":{"line":39,"column":52},"end":{"line":39,"column":53}},"loc":{"start":{"line":39,"column":72},"end":{"line":45,"column":1}},"line":39},"4":{"name":"(anonymous_4)","decl":{"start":{"line":47,"column":36},"end":{"line":47,"column":37}},"loc":{"start":{"line":47,"column":56},"end":{"line":56,"column":1}},"line":47}},"branchMap":{"0":{"loc":{"start":{"line":20,"column":4},"end":{"line":20,"column":69}},"type":"if","locations":[{"start":{"line":20,"column":4},"end":{"line":20,"column":69}},{"start":{"line":20,"column":4},"end":{"line":20,"column":69}}],"line":20},"1":{"loc":{"start":{"line":28,"column":4},"end":{"line":28,"column":69}},"type":"if","locations":[{"start":{"line":28,"column":4},"end":{"line":28,"column":69}},{"start":{"line":28,"column":4},"end":{"line":28,"column":69}}],"line":28},"2":{"loc":{"start":{"line":34,"column":4},"end":{"line":34,"column":90}},"type":"if","locations":[{"start":{"line":34,"column":4},"end":{"line":34,"column":90}},{"start":{"line":34,"column":4},"end":{"line":34,"column":90}}],"line":34},"3":{"loc":{"start":{"line":42,"column":4},"end":{"line":42,"column":90}},"type":"if","locations":[{"start":{"line":42,"column":4},"end":{"line":42,"column":90}},{"start":{"line":42,"column":4},"end":{"line":42,"column":90}}],"line":42},"4":{"loc":{"start":{"line":48,"column":4},"end":{"line":49,"column":50}},"type":"if","locations":[{"start":{"line":48,"column":4},"end":{"line":49,"column":50}},{"start":{"line":48,"column":4},"end":{"line":49,"column":50}}],"line":48},"5":{"loc":{"start":{"line":53,"column":4},"end":{"line":53,"column":90}},"type":"if","locations":[{"start":{"line":53,"column":4},"end":{"line":53,"column":90}},{"start":{"line":53,"column":4},"end":{"line":53,"column":90}}],"line":53}},"s":{"0":3,"1":3,"2":3,"3":3,"4":3,"5":3,"6":3,"7":3,"8":3,"9":1,"10":1,"11":3,"12":5,"13":5,"14":2,"15":3,"16":3,"17":3,"18":3,"19":5,"20":5,"21":2,"22":3,"23":3,"24":1,"25":2,"26":3,"27":3,"28":3,"29":1,"30":2,"31":3,"32":1,"33":0,"34":1,"35":1,"36":1,"37":0,"38":3},"f":{"0":1,"1":5,"2":5,"3":3,"4":1},"b":{"0":[2,3],"1":[2,3],"2":[1,2],"3":[1,2],"4":[0,1],"5":[1,0]},"_coverageSchema":"1a1c01bbd47fc00a2c39e90264f33305004495a9","hash":"ad525df3ce6e87dbe332b1a8782e0ffb705900b5"}
,"C:\\Users\\hussa\\Downloads\\nodeprac\\proj\\routes\\movies.js": {"path":"C:\\Users\\hussa\\Downloads\\nodeprac\\proj\\routes\\movies.js","statementMap":{"0":{"start":{"line":1,"column":16},"end":{"line":1,"column":42}},"1":{"start":{"line":2,"column":17},"end":{"line":2,"column":36}},"2":{"start":{"line":3,"column":16},"end":{"line":3,"column":34}},"3":{"start":{"line":4,"column":15},"end":{"line":4,"column":31}},"4":{"start":{"line":6,"column":26},"end":{"line":6,"column":52}},"5":{"start":{"line":8,"column":0},"end":{"line":11,"column":3}},"6":{"start":{"line":9,"column":17},"end":{"line":9,"column":48}},"7":{"start":{"line":10,"column":2},"end":{"line":10,"column":19}},"8":{"start":{"line":13,"column":0},"end":{"line":31,"column":3}},"9":{"start":{"line":14,"column":20},"end":{"line":14,"column":38}},"10":{"start":{"line":15,"column":2},"end":{"line":15,"column":67}},"11":{"start":{"line":15,"column":13},"end":{"line":15,"column":67}},"12":{"start":{"line":17,"column":16},"end":{"line":17,"column":54}},"13":{"start":{"line":18,"column":2},"end":{"line":18,"column":60}},"14":{"start":{"line":18,"column":14},"end":{"line":18,"column":60}},"15":{"start":{"line":20,"column":16},"end":{"line":28,"column":4}},"16":{"start":{"line":29,"column":2},"end":{"line":29,"column":21}},"17":{"start":{"line":30,"column":2},"end":{"line":30,"column":18}},"18":{"start":{"line":33,"column":0},"end":{"line":54,"column":3}},"19":{"start":{"line":34,"column":20},"end":{"line":34,"column":38}},"20":{"start":{"line":35,"column":2},"end":{"line":35,"column":67}},"21":{"start":{"line":35,"column":13},"end":{"line":35,"column":67}},"22":{"start":{"line":37,"column":16},"end":{"line":37,"column":54}},"23":{"start":{"line":38,"column":2},"end":{"line":38,"column":60}},"24":{"start":{"line":38,"column":14},"end":{"line":38,"column":60}},"25":{"start":{"line":40,"column":16},"end":{"line":49,"column":21}},"26":{"start":{"line":51,"column":2},"end":{"line":51,"column":88}},"27":{"start":{"line":51,"column":14},"end":{"line":51,"column":88}},"28":{"start":{"line":53,"column":2},"end":{"line":53,"column":18}},"29":{"start":{"line":56,"column":0},"end":{"line":62,"column":3}},"30":{"start":{"line":57,"column":16},"end":{"line":57,"column":60}},"31":{"start":{"line":59,"column":2},"end":{"line":59,"column":88}},"32":{"start":{"line":59,"column":14},"end":{"line":59,"column":88}},"33":{"start":{"line":61,"column":2},"end":{"line":61,"column":18}},"34":{"start":{"line":64,"column":0},"end":{"line":70,"column":3}},"35":{"start":{"line":65,"column":16},"end":{"line":65,"column":51}},"36":{"start":{"line":67,"column":2},"end":{"line":67,"column":88}},"37":{"start":{"line":67,"column":14},"end":{"line":67,"column":88}},"38":{"start":{"line":69,"column":2},"end":{"line":69,"column":18}},"39":{"start":{"line":72,"column":0},"end":{"line":72,"column":24}}},"fnMap":{"0":{"name":"(anonymous_0)","decl":{"start":{"line":8,"column":16},"end":{"line":8,"column":17}},"loc":{"start":{"line":8,"column":36},"end":{"line":11,"column":1}},"line":8},"1":{"name":"(anonymous_1)","decl":{"start":{"line":13,"column":17},"end":{"line":13,"column":18}},"loc":{"start":{"line":13,"column":37},"end":{"line":31,"column":1}},"line":13},"2":{"name":"(anonymous_2)","decl":{"start":{"line":33,"column":19},"end":{"line":33,"column":20}},"loc":{"start":{"line":33,"column":39},"end":{"line":54,"column":1}},"line":33},"3":{"name":"(anonymous_3)","decl":{"start":{"line":56,"column":22},"end":{"line":56,"column":23}},"loc":{"start":{"line":56,"column":42},"end":{"line":62,"column":1}},"line":56},"4":{"name":"(anonymous_4)","decl":{"start":{"line":64,"column":19},"end":{"line":64,"column":20}},"loc":{"start":{"line":64,"column":39},"end":{"line":70,"column":1}},"line":64}},"branchMap":{"0":{"loc":{"start":{"line":15,"column":2},"end":{"line":15,"column":67}},"type":"if","locations":[{"start":{"line":15,"column":2},"end":{"line":15,"column":67}},{"start":{"line":15,"column":2},"end":{"line":15,"column":67}}],"line":15},"1":{"loc":{"start":{"line":18,"column":2},"end":{"line":18,"column":60}},"type":"if","locations":[{"start":{"line":18,"column":2},"end":{"line":18,"column":60}},{"start":{"line":18,"column":2},"end":{"line":18,"column":60}}],"line":18},"2":{"loc":{"start":{"line":35,"column":2},"end":{"line":35,"column":67}},"type":"if","locations":[{"start":{"line":35,"column":2},"end":{"line":35,"column":67}},{"start":{"line":35,"column":2},"end":{"line":35,"column":67}}],"line":35},"3":{"loc":{"start":{"line":38,"column":2},"end":{"line":38,"column":60}},"type":"if","locations":[{"start":{"line":38,"column":2},"end":{"line":38,"column":60}},{"start":{"line":38,"column":2},"end":{"line":38,"column":60}}],"line":38},"4":{"loc":{"start":{"line":51,"column":2},"end":{"line":51,"column":88}},"type":"if","locations":[{"start":{"line":51,"column":2},"end":{"line":51,"column":88}},{"start":{"line":51,"column":2},"end":{"line":51,"column":88}}],"line":51},"5":{"loc":{"start":{"line":59,"column":2},"end":{"line":59,"column":88}},"type":"if","locations":[{"start":{"line":59,"column":2},"end":{"line":59,"column":88}},{"start":{"line":59,"column":2},"end":{"line":59,"column":88}}],"line":59},"6":{"loc":{"start":{"line":67,"column":2},"end":{"line":67,"column":88}},"type":"if","locations":[{"start":{"line":67,"column":2},"end":{"line":67,"column":88}},{"start":{"line":67,"column":2},"end":{"line":67,"column":88}}],"line":67}},"s":{"0":3,"1":3,"2":3,"3":3,"4":3,"5":3,"6":0,"7":0,"8":3,"9":0,"10":0,"11":0,"12":0,"13":0,"14":0,"15":0,"16":0,"17":0,"18":3,"19":0,"20":0,"21":0,"22":0,"23":0,"24":0,"25":0,"26":0,"27":0,"28":0,"29":3,"30":0,"31":0,"32":0,"33":0,"34":3,"35":0,"36":0,"37":0,"38":0,"39":3},"f":{"0":0,"1":0,"2":0,"3":0,"4":0},"b":{"0":[0,0],"1":[0,0],"2":[0,0],"3":[0,0],"4":[0,0],"5":[0,0],"6":[0,0]},"_coverageSchema":"1a1c01bbd47fc00a2c39e90264f33305004495a9","hash":"97227480c6591a8b5f6a05faa30ea5c0b8fd1285"}
,"C:\\Users\\hussa\\Downloads\\nodeprac\\proj\\routes\\rentals.js": {"path":"C:\\Users\\hussa\\Downloads\\nodeprac\\proj\\routes\\rentals.js","statementMap":{"0":{"start":{"line":1,"column":16},"end":{"line":1,"column":34}},"1":{"start":{"line":2,"column":17},"end":{"line":2,"column":36}},"2":{"start":{"line":3,"column":15},"end":{"line":3,"column":31}},"3":{"start":{"line":4,"column":13},"end":{"line":4,"column":28}},"4":{"start":{"line":6,"column":26},"end":{"line":6,"column":53}},"5":{"start":{"line":7,"column":16},"end":{"line":7,"column":42}},"6":{"start":{"line":8,"column":19},"end":{"line":8,"column":48}},"7":{"start":{"line":10,"column":0},"end":{"line":10,"column":20}},"8":{"start":{"line":13,"column":0},"end":{"line":16,"column":3}},"9":{"start":{"line":14,"column":20},"end":{"line":14,"column":56}},"10":{"start":{"line":15,"column":4},"end":{"line":15,"column":22}},"11":{"start":{"line":20,"column":0},"end":{"line":59,"column":3}},"12":{"start":{"line":23,"column":20},"end":{"line":23,"column":38}},"13":{"start":{"line":24,"column":4},"end":{"line":24,"column":68}},"14":{"start":{"line":24,"column":14},"end":{"line":24,"column":68}},"15":{"start":{"line":26,"column":21},"end":{"line":26,"column":65}},"16":{"start":{"line":27,"column":4},"end":{"line":27,"column":70}},"17":{"start":{"line":27,"column":18},"end":{"line":27,"column":70}},"18":{"start":{"line":29,"column":18},"end":{"line":29,"column":56}},"19":{"start":{"line":30,"column":4},"end":{"line":30,"column":65}},"20":{"start":{"line":30,"column":15},"end":{"line":30,"column":65}},"21":{"start":{"line":32,"column":4},"end":{"line":32,"column":83}},"22":{"start":{"line":32,"column":33},"end":{"line":32,"column":83}},"23":{"start":{"line":34,"column":17},"end":{"line":45,"column":6}},"24":{"start":{"line":47,"column":4},"end":{"line":58,"column":5}},"25":{"start":{"line":48,"column":8},"end":{"line":53,"column":19}},"26":{"start":{"line":54,"column":8},"end":{"line":54,"column":25}},"27":{"start":{"line":57,"column":8},"end":{"line":57,"column":50}},"28":{"start":{"line":61,"column":0},"end":{"line":61,"column":24}}},"fnMap":{"0":{"name":"(anonymous_0)","decl":{"start":{"line":13,"column":15},"end":{"line":13,"column":16}},"loc":{"start":{"line":13,"column":31},"end":{"line":16,"column":1}},"line":13},"1":{"name":"(anonymous_1)","decl":{"start":{"line":20,"column":16},"end":{"line":20,"column":17}},"loc":{"start":{"line":20,"column":32},"end":{"line":59,"column":1}},"line":20}},"branchMap":{"0":{"loc":{"start":{"line":24,"column":4},"end":{"line":24,"column":68}},"type":"if","locations":[{"start":{"line":24,"column":4},"end":{"line":24,"column":68}},{"start":{"line":24,"column":4},"end":{"line":24,"column":68}}],"line":24},"1":{"loc":{"start":{"line":27,"column":4},"end":{"line":27,"column":70}},"type":"if","locations":[{"start":{"line":27,"column":4},"end":{"line":27,"column":70}},{"start":{"line":27,"column":4},"end":{"line":27,"column":70}}],"line":27},"2":{"loc":{"start":{"line":30,"column":4},"end":{"line":30,"column":65}},"type":"if","locations":[{"start":{"line":30,"column":4},"end":{"line":30,"column":65}},{"start":{"line":30,"column":4},"end":{"line":30,"column":65}}],"line":30},"3":{"loc":{"start":{"line":32,"column":4},"end":{"line":32,"column":83}},"type":"if","locations":[{"start":{"line":32,"column":4},"end":{"line":32,"column":83}},{"start":{"line":32,"column":4},"end":{"line":32,"column":83}}],"line":32}},"s":{"0":3,"1":3,"2":3,"3":3,"4":3,"5":3,"6":3,"7":3,"8":3,"9":0,"10":0,"11":3,"12":0,"13":0,"14":0,"15":0,"16":0,"17":0,"18":0,"19":0,"20":0,"21":0,"22":0,"23":0,"24":0,"25":0,"26":0,"27":0,"28":3},"f":{"0":0,"1":0},"b":{"0":[0,0],"1":[0,0],"2":[0,0],"3":[0,0]},"_coverageSchema":"1a1c01bbd47fc00a2c39e90264f33305004495a9","hash":"73d37cf8e13af962c2e76890b154a99b42ab0311"}
,"C:\\Users\\hussa\\Downloads\\nodeprac\\proj\\routes\\returns.js": {"path":"C:\\Users\\hussa\\Downloads\\nodeprac\\proj\\routes\\returns.js","statementMap":{"0":{"start":{"line":1,"column":25},"end":{"line":1,"column":66}},"1":{"start":{"line":2,"column":16},"end":{"line":2,"column":34}},"2":{"start":{"line":3,"column":17},"end":{"line":3,"column":36}},"3":{"start":{"line":4,"column":15},"end":{"line":4,"column":31}},"4":{"start":{"line":5,"column":13},"end":{"line":5,"column":42}},"5":{"start":{"line":6,"column":14},"end":{"line":6,"column":44}},"6":{"start":{"line":7,"column":26},"end":{"line":7,"column":52}},"7":{"start":{"line":8,"column":17},"end":{"line":8,"column":44}},"8":{"start":{"line":9,"column":24},"end":{"line":9,"column":54}},"9":{"start":{"line":11,"column":0},"end":{"line":21,"column":2}},"10":{"start":{"line":12,"column":4},"end":{"line":12,"column":85}},"11":{"start":{"line":12,"column":30},"end":{"line":12,"column":85}},"12":{"start":{"line":13,"column":4},"end":{"line":13,"column":79}},"13":{"start":{"line":13,"column":27},"end":{"line":13,"column":79}},"14":{"start":{"line":14,"column":4},"end":{"line":17,"column":7}},"15":{"start":{"line":18,"column":4},"end":{"line":18,"column":90}},"16":{"start":{"line":18,"column":17},"end":{"line":18,"column":90}},"17":{"start":{"line":19,"column":4},"end":{"line":19,"column":84}},"18":{"start":{"line":19,"column":29},"end":{"line":19,"column":84}},"19":{"start":{"line":20,"column":4},"end":{"line":20,"column":41}},"20":{"start":{"line":23,"column":0},"end":{"line":23,"column":24}}},"fnMap":{"0":{"name":"(anonymous_0)","decl":{"start":{"line":11,"column":16},"end":{"line":11,"column":17}},"loc":{"start":{"line":11,"column":34},"end":{"line":21,"column":1}},"line":11}},"branchMap":{"0":{"loc":{"start":{"line":12,"column":4},"end":{"line":12,"column":85}},"type":"if","locations":[{"start":{"line":12,"column":4},"end":{"line":12,"column":85}},{"start":{"line":12,"column":4},"end":{"line":12,"column":85}}],"line":12},"1":{"loc":{"start":{"line":13,"column":4},"end":{"line":13,"column":79}},"type":"if","locations":[{"start":{"line":13,"column":4},"end":{"line":13,"column":79}},{"start":{"line":13,"column":4},"end":{"line":13,"column":79}}],"line":13},"2":{"loc":{"start":{"line":18,"column":4},"end":{"line":18,"column":90}},"type":"if","locations":[{"start":{"line":18,"column":4},"end":{"line":18,"column":90}},{"start":{"line":18,"column":4},"end":{"line":18,"column":90}}],"line":18},"3":{"loc":{"start":{"line":19,"column":4},"end":{"line":19,"column":84}},"type":"if","locations":[{"start":{"line":19,"column":4},"end":{"line":19,"column":84}},{"start":{"line":19,"column":4},"end":{"line":19,"column":84}}],"line":19}},"s":{"0":3,"1":3,"2":3,"3":3,"4":3,"5":3,"6":3,"7":3,"8":3,"9":3,"10":5,"11":1,"12":4,"13":1,"14":3,"15":3,"16":0,"17":3,"18":0,"19":3,"20":3},"f":{"0":5},"b":{"0":[1,4],"1":[1,3],"2":[0,3],"3":[0,3]},"_coverageSchema":"1a1c01bbd47fc00a2c39e90264f33305004495a9","hash":"b5295b562d5b7a66c6ac73d08669848cb134f7f2"}
,"C:\\Users\\hussa\\Downloads\\nodeprac\\proj\\routes\\users.js": {"path":"C:\\Users\\hussa\\Downloads\\nodeprac\\proj\\routes\\users.js","statementMap":{"0":{"start":{"line":1,"column":16},"end":{"line":1,"column":34}},"1":{"start":{"line":2,"column":15},"end":{"line":2,"column":31}},"2":{"start":{"line":3,"column":25},"end":{"line":3,"column":50}},"3":{"start":{"line":4,"column":10},"end":{"line":4,"column":27}},"4":{"start":{"line":5,"column":15},"end":{"line":5,"column":32}},"5":{"start":{"line":6,"column":12},"end":{"line":6,"column":35}},"6":{"start":{"line":7,"column":15},"end":{"line":7,"column":32}},"7":{"start":{"line":8,"column":13},"end":{"line":8,"column":42}},"8":{"start":{"line":11,"column":0},"end":{"line":15,"column":2}},"9":{"start":{"line":12,"column":17},"end":{"line":12,"column":70}},"10":{"start":{"line":13,"column":4},"end":{"line":13,"column":19}},"11":{"start":{"line":18,"column":0},"end":{"line":34,"column":3}},"12":{"start":{"line":19,"column":22},"end":{"line":19,"column":40}},"13":{"start":{"line":22,"column":4},"end":{"line":22,"column":69}},"14":{"start":{"line":22,"column":15},"end":{"line":22,"column":69}},"15":{"start":{"line":24,"column":15},"end":{"line":24,"column":57}},"16":{"start":{"line":25,"column":4},"end":{"line":25,"column":70}},"17":{"start":{"line":25,"column":14},"end":{"line":25,"column":70}},"18":{"start":{"line":27,"column":4},"end":{"line":27,"column":65}},"19":{"start":{"line":28,"column":17},"end":{"line":28,"column":41}},"20":{"start":{"line":29,"column":4},"end":{"line":29,"column":58}},"21":{"start":{"line":30,"column":4},"end":{"line":30,"column":21}},"22":{"start":{"line":32,"column":18},"end":{"line":32,"column":42}},"23":{"start":{"line":33,"column":4},"end":{"line":33,"column":79}},"24":{"start":{"line":36,"column":0},"end":{"line":36,"column":24}}},"fnMap":{"0":{"name":"(anonymous_0)","decl":{"start":{"line":11,"column":23},"end":{"line":11,"column":24}},"loc":{"start":{"line":11,"column":40},"end":{"line":15,"column":1}},"line":11},"1":{"name":"(anonymous_1)","decl":{"start":{"line":18,"column":17},"end":{"line":18,"column":18}},"loc":{"start":{"line":18,"column":37},"end":{"line":34,"column":1}},"line":18}},"branchMap":{"0":{"loc":{"start":{"line":22,"column":4},"end":{"line":22,"column":69}},"type":"if","locations":[{"start":{"line":22,"column":4},"end":{"line":22,"column":69}},{"start":{"line":22,"column":4},"end":{"line":22,"column":69}}],"line":22},"1":{"loc":{"start":{"line":25,"column":4},"end":{"line":25,"column":70}},"type":"if","locations":[{"start":{"line":25,"column":4},"end":{"line":25,"column":70}},{"start":{"line":25,"column":4},"end":{"line":25,"column":70}}],"line":25}},"s":{"0":3,"1":3,"2":3,"3":3,"4":3,"5":3,"6":3,"7":3,"8":3,"9":0,"10":0,"11":3,"12":0,"13":0,"14":0,"15":0,"16":0,"17":0,"18":0,"19":0,"20":0,"21":0,"22":0,"23":0,"24":3},"f":{"0":0,"1":0},"b":{"0":[0,0],"1":[0,0]},"_coverageSchema":"1a1c01bbd47fc00a2c39e90264f33305004495a9","hash":"0ba18374fd2e9b520a326102d7def36929d0b7bc"}
,"C:\\Users\\hussa\\Downloads\\nodeprac\\proj\\startup\\config.js": {"path":"C:\\Users\\hussa\\Downloads\\nodeprac\\proj\\startup\\config.js","statementMap":{"0":{"start":{"line":1,"column":15},"end":{"line":1,"column":32}},"1":{"start":{"line":2,"column":0},"end":{"line":6,"column":1}},"2":{"start":{"line":3,"column":4},"end":{"line":5,"column":5}},"3":{"start":{"line":4,"column":8},"end":{"line":4,"column":70}}},"fnMap":{"0":{"name":"(anonymous_0)","decl":{"start":{"line":2,"column":17},"end":{"line":2,"column":18}},"loc":{"start":{"line":2,"column":28},"end":{"line":6,"column":1}},"line":2}},"branchMap":{"0":{"loc":{"start":{"line":3,"column":4},"end":{"line":5,"column":5}},"type":"if","locations":[{"start":{"line":3,"column":4},"end":{"line":5,"column":5}},{"start":{"line":3,"column":4},"end":{"line":5,"column":5}}],"line":3}},"s":{"0":3,"1":3,"2":3,"3":0},"f":{"0":3},"b":{"0":[0,3]},"_coverageSchema":"1a1c01bbd47fc00a2c39e90264f33305004495a9","hash":"0cfcc0089279cd88bdfeed24a9becc48475e3dd6"}
,"C:\\Users\\hussa\\Downloads\\nodeprac\\proj\\startup\\db.js": {"path":"C:\\Users\\hussa\\Downloads\\nodeprac\\proj\\startup\\db.js","statementMap":{"0":{"start":{"line":1,"column":17},"end":{"line":1,"column":36}},"1":{"start":{"line":2,"column":16},"end":{"line":2,"column":34}},"2":{"start":{"line":3,"column":15},"end":{"line":3,"column":32}},"3":{"start":{"line":4,"column":0},"end":{"line":8,"column":1}},"4":{"start":{"line":5,"column":15},"end":{"line":5,"column":31}},"5":{"start":{"line":6,"column":4},"end":{"line":7,"column":51}},"6":{"start":{"line":7,"column":15},"end":{"line":7,"column":49}}},"fnMap":{"0":{"name":"(anonymous_0)","decl":{"start":{"line":4,"column":16},"end":{"line":4,"column":17}},"loc":{"start":{"line":4,"column":27},"end":{"line":8,"column":1}},"line":4},"1":{"name":"(anonymous_1)","decl":{"start":{"line":7,"column":11},"end":{"line":7,"column":12}},"loc":{"start":{"line":7,"column":15},"end":{"line":7,"column":49}},"line":7}},"branchMap":{},"s":{"0":3,"1":3,"2":3,"3":3,"4":3,"5":3,"6":3},"f":{"0":3,"1":3},"b":{},"_coverageSchema":"1a1c01bbd47fc00a2c39e90264f33305004495a9","hash":"5417a1c899d9ffeb3165181d80063d4f52d18402"}
,"C:\\Users\\hussa\\Downloads\\nodeprac\\proj\\startup\\logging.js": {"path":"C:\\Users\\hussa\\Downloads\\nodeprac\\proj\\startup\\logging.js","statementMap":{"0":{"start":{"line":1,"column":16},"end":{"line":1,"column":34}},"1":{"start":{"line":2,"column":0},"end":{"line":2,"column":26}},"2":{"start":{"line":3,"column":0},"end":{"line":3,"column":32}},"3":{"start":{"line":4,"column":0},"end":{"line":16,"column":1}},"4":{"start":{"line":5,"column":4},"end":{"line":7,"column":73}},"5":{"start":{"line":8,"column":4},"end":{"line":10,"column":7}},"6":{"start":{"line":9,"column":8},"end":{"line":9,"column":17}},"7":{"start":{"line":11,"column":4},"end":{"line":11,"column":68}},"8":{"start":{"line":12,"column":4},"end":{"line":15,"column":7}}},"fnMap":{"0":{"name":"(anonymous_0)","decl":{"start":{"line":4,"column":17},"end":{"line":4,"column":18}},"loc":{"start":{"line":4,"column":28},"end":{"line":16,"column":1}},"line":4},"1":{"name":"(anonymous_1)","decl":{"start":{"line":8,"column":36},"end":{"line":8,"column":37}},"loc":{"start":{"line":8,"column":43},"end":{"line":10,"column":5}},"line":8}},"branchMap":{},"s":{"0":3,"1":3,"2":3,"3":3,"4":3,"5":3,"6":0,"7":3,"8":3},"f":{"0":3,"1":0},"b":{},"_coverageSchema":"1a1c01bbd47fc00a2c39e90264f33305004495a9","hash":"bc310d2d499f885bf7f1fad6040937be64a1dca8"}
,"C:\\Users\\hussa\\Downloads\\nodeprac\\proj\\startup\\routes.js": {"path":"C:\\Users\\hussa\\Downloads\\nodeprac\\proj\\startup\\routes.js","statementMap":{"0":{"start":{"line":1,"column":16},"end":{"line":1,"column":34}},"1":{"start":{"line":2,"column":15},"end":{"line":2,"column":42}},"2":{"start":{"line":3,"column":18},"end":{"line":3,"column":48}},"3":{"start":{"line":4,"column":15},"end":{"line":4,"column":42}},"4":{"start":{"line":5,"column":16},"end":{"line":5,"column":44}},"5":{"start":{"line":6,"column":14},"end":{"line":6,"column":40}},"6":{"start":{"line":7,"column":13},"end":{"line":7,"column":38}},"7":{"start":{"line":8,"column":14},"end":{"line":8,"column":44}},"8":{"start":{"line":9,"column":16},"end":{"line":9,"column":44}},"9":{"start":{"line":11,"column":0},"end":{"line":21,"column":1}},"10":{"start":{"line":12,"column":0},"end":{"line":12,"column":24}},"11":{"start":{"line":13,"column":0},"end":{"line":13,"column":30}},"12":{"start":{"line":14,"column":0},"end":{"line":14,"column":36}},"13":{"start":{"line":15,"column":0},"end":{"line":15,"column":30}},"14":{"start":{"line":16,"column":0},"end":{"line":16,"column":32}},"15":{"start":{"line":17,"column":0},"end":{"line":17,"column":28}},"16":{"start":{"line":18,"column":0},"end":{"line":18,"column":26}},"17":{"start":{"line":19,"column":0},"end":{"line":19,"column":31}},"18":{"start":{"line":20,"column":0},"end":{"line":20,"column":14}}},"fnMap":{"0":{"name":"(anonymous_0)","decl":{"start":{"line":11,"column":17},"end":{"line":11,"column":18}},"loc":{"start":{"line":11,"column":30},"end":{"line":21,"column":1}},"line":11}},"branchMap":{},"s":{"0":3,"1":3,"2":3,"3":3,"4":3,"5":3,"6":3,"7":3,"8":3,"9":3,"10":3,"11":3,"12":3,"13":3,"14":3,"15":3,"16":3,"17":3,"18":3},"f":{"0":3},"b":{},"_coverageSchema":"1a1c01bbd47fc00a2c39e90264f33305004495a9","hash":"f9bfa9e2611aaad97d4b5d52b2bdca69da3e3627"}
,"C:\\Users\\hussa\\Downloads\\nodeprac\\proj\\startup\\validation.js": {"path":"C:\\Users\\hussa\\Downloads\\nodeprac\\proj\\startup\\validation.js","statementMap":{"0":{"start":{"line":1,"column":12},"end":{"line":1,"column":26}},"1":{"start":{"line":2,"column":0},"end":{"line":2,"column":44}},"2":{"start":{"line":3,"column":0},"end":{"line":5,"column":1}},"3":{"start":{"line":4,"column":4},"end":{"line":4,"column":48}}},"fnMap":{"0":{"name":"(anonymous_0)","decl":{"start":{"line":3,"column":17},"end":{"line":3,"column":18}},"loc":{"start":{"line":3,"column":27},"end":{"line":5,"column":1}},"line":3}},"branchMap":{},"s":{"0":3,"1":3,"2":3,"3":3},"f":{"0":3},"b":{},"_coverageSchema":"1a1c01bbd47fc00a2c39e90264f33305004495a9","hash":"a3b1bd84a6db6b1dd017d0b604a552f17301d544"}
}
