TN:
SF:index.js
FN:13,(anonymous_0)
FNF:1
FNH:1
FNDA:3,(anonymous_0)
DA:2,3
DA:3,3
DA:4,3
DA:6,3
DA:7,3
DA:8,3
DA:9,3
DA:10,3
DA:12,3
DA:13,3
DA:14,3
LF:11
LH:11
BRDA:12,0,0,3
BRDA:12,0,1,3
BRF:2
BRH:2
end_of_record
TN:
SF:middleware\admin.js
FN:2,(anonymous_0)
FNF:1
FNH:1
FNDA:5,(anonymous_0)
DA:2,3
DA:3,5
DA:4,4
LF:3
LH:3
BRDA:3,0,0,1
BRDA:3,0,1,4
BRF:2
BRH:2
end_of_record
TN:
SF:middleware\async.js
FN:1,asyncMiddleware
FN:2,(anonymous_1)
FNF:2
FNH:2
FNDA:6,asyncMiddleware
FNDA:6,(anonymous_1)
DA:1,3
DA:2,6
DA:3,6
DA:4,6
DA:7,0
LF:5
LH:4
BRF:0
BRH:0
end_of_record
TN:
SF:middleware\auth.js
FN:3,auth
FNF:1
FNH:1
FNDA:21,auth
DA:1,4
DA:2,4
DA:4,21
DA:5,21
DA:6,18
DA:7,18
DA:8,17
DA:9,17
DA:12,1
DA:17,4
LF:10
LH:10
BRDA:5,0,0,3
BRDA:5,0,1,18
BRF:2
BRH:2
end_of_record
TN:
SF:middleware\error.js
FN:2,(anonymous_0)
FNF:1
FNH:0
FNDA:0,(anonymous_0)
DA:1,3
DA:2,3
DA:4,0
DA:12,0
LF:4
LH:2
BRF:0
BRH:0
end_of_record
TN:
SF:middleware\validateObjectId.js
FN:3,(anonymous_0)
FNF:1
FNH:1
FNDA:12,(anonymous_0)
DA:2,3
DA:3,3
DA:4,12
DA:5,3
DA:6,9
LF:5
LH:5
BRDA:4,0,0,3
BRDA:4,0,1,9
BRF:2
BRH:2
end_of_record
TN:
SF:models\customer.js
FN:18,validateCustomer
FNF:1
FNH:0
FNDA:0,validateCustomer
DA:1,3
DA:2,3
DA:4,3
DA:19,0
DA:24,0
DA:26,3
DA:27,3
DA:28,3
LF:8
LH:6
BRF:0
BRH:0
end_of_record
TN:
SF:models\genre.js
FN:16,validateGenre
FNF:1
FNH:1
FNDA:10,validateGenre
DA:1,3
DA:2,3
DA:5,3
DA:13,3
DA:17,10
DA:20,10
DA:23,3
DA:24,3
DA:25,3
LF:9
LH:9
BRF:0
BRH:0
end_of_record
TN:
SF:models\movie.js
FN:34,validateMovie
FNF:1
FNH:0
FNDA:0,validateMovie
DA:1,3
DA:2,3
DA:3,3
DA:8,3
DA:35,0
DA:41,0
DA:44,3
DA:45,3
LF:8
LH:6
BRF:0
BRH:0
end_of_record
TN:
SF:models\rental.js
FN:57,validateRental
FNF:1
FNH:0
FNDA:0,validateRental
DA:1,3
DA:2,3
DA:3,3
DA:58,0
DA:62,0
DA:65,3
DA:66,3
LF:7
LH:5
BRF:0
BRH:0
end_of_record
TN:
SF:models\user.js
FN:28,(anonymous_0)
FN:33,validateUser
FNF:2
FNH:1
FNDA:29,(anonymous_0)
FNDA:0,validateUser
DA:1,5
DA:2,5
DA:3,5
DA:4,5
DA:5,5
DA:28,5
DA:29,29
DA:30,29
DA:34,0
DA:39,0
DA:41,5
DA:42,5
DA:43,5
LF:13
LH:11
BRF:0
BRH:0
end_of_record
TN:
SF:routes\auth.js
FN:11,(anonymous_0)
FN:24,validate
FNF:2
FNH:0
FNDA:0,(anonymous_0)
FNDA:0,validate
DA:1,3
DA:2,3
DA:3,3
DA:4,3
DA:5,3
DA:6,3
DA:11,3
DA:12,0
DA:13,0
DA:14,0
DA:15,0
DA:17,0
DA:18,0
DA:20,0
DA:21,0
DA:25,0
DA:29,0
DA:32,3
LF:18
LH:8
BRDA:13,0,0,0
BRDA:13,0,1,0
BRDA:15,1,0,0
BRDA:15,1,1,0
BRDA:18,2,0,0
BRDA:18,2,1,0
BRF:6
BRH:0
end_of_record
TN:
SF:routes\customers.js
FN:9,(anonymous_0)
FN:15,(anonymous_1)
FN:35,(anonymous_2)
FN:48,(anonymous_3)
FNF:4
FNH:0
FNDA:0,(anonymous_0)
FNDA:0,(anonymous_1)
FNDA:0,(anonymous_2)
FNDA:0,(anonymous_3)
DA:1,3
DA:2,3
DA:5,3
DA:9,3
DA:10,0
DA:11,0
DA:15,3
DA:16,0
DA:17,0
DA:18,0
DA:19,0
DA:21,0
DA:22,0
DA:25,0
DA:26,0
DA:29,0
DA:35,3
DA:36,0
DA:37,0
DA:38,0
DA:39,0
DA:42,0
DA:43,0
DA:44,0
DA:48,3
DA:49,0
DA:50,0
DA:51,0
DA:56,3
LF:29
LH:8
BRDA:17,0,0,0
BRDA:17,0,1,0
BRDA:37,1,0,0
BRDA:37,1,1,0
BRDA:43,2,0,0
BRDA:43,2,1,0
BRDA:50,3,0,0
BRDA:50,3,1,0
BRF:8
BRH:0
end_of_record
TN:
SF:routes\genres.js
FN:12,(anonymous_0)
FN:18,(anonymous_1)
FN:26,(anonymous_2)
FN:39,(anonymous_3)
FN:47,(anonymous_4)
FNF:5
FNH:5
FNDA:1,(anonymous_0)
FNDA:5,(anonymous_1)
FNDA:5,(anonymous_2)
FNDA:3,(anonymous_3)
FNDA:1,(anonymous_4)
DA:1,3
DA:2,3
DA:3,3
DA:4,3
DA:5,3
DA:6,3
DA:7,3
DA:8,3
DA:12,3
DA:14,1
DA:15,1
DA:18,3
DA:19,5
DA:20,5
DA:21,3
DA:22,3
DA:23,3
DA:26,3
DA:27,5
DA:28,5
DA:30,3
DA:34,3
DA:36,2
DA:39,3
DA:40,3
DA:42,3
DA:44,2
DA:47,3
DA:48,1
DA:49,0
DA:51,1
DA:53,1
DA:55,0
DA:58,3
LF:34
LH:32
BRDA:20,0,0,2
BRDA:20,0,1,3
BRDA:28,1,0,2
BRDA:28,1,1,3
BRDA:34,2,0,1
BRDA:34,2,1,2
BRDA:42,3,0,1
BRDA:42,3,1,2
BRDA:48,4,0,0
BRDA:48,4,1,1
BRDA:53,5,0,1
BRDA:53,5,1,0
BRF:12
BRH:10
end_of_record
TN:
SF:routes\movies.js
FN:8,(anonymous_0)
FN:13,(anonymous_1)
FN:33,(anonymous_2)
FN:56,(anonymous_3)
FN:64,(anonymous_4)
FNF:5
FNH:0
FNDA:0,(anonymous_0)
FNDA:0,(anonymous_1)
FNDA:0,(anonymous_2)
FNDA:0,(anonymous_3)
FNDA:0,(anonymous_4)
DA:1,3
DA:2,3
DA:3,3
DA:4,3
DA:6,3
DA:8,3
DA:9,0
DA:10,0
DA:13,3
DA:14,0
DA:15,0
DA:17,0
DA:18,0
DA:20,0
DA:29,0
DA:30,0
DA:33,3
DA:34,0
DA:35,0
DA:37,0
DA:38,0
DA:40,0
DA:51,0
DA:53,0
DA:56,3
DA:57,0
DA:59,0
DA:61,0
DA:64,3
DA:65,0
DA:67,0
DA:69,0
DA:72,3
LF:33
LH:11
BRDA:15,0,0,0
BRDA:15,0,1,0
BRDA:18,1,0,0
BRDA:18,1,1,0
BRDA:35,2,0,0
BRDA:35,2,1,0
BRDA:38,3,0,0
BRDA:38,3,1,0
BRDA:51,4,0,0
BRDA:51,4,1,0
BRDA:59,5,0,0
BRDA:59,5,1,0
BRDA:67,6,0,0
BRDA:67,6,1,0
BRF:14
BRH:0
end_of_record
TN:
SF:routes\rentals.js
FN:13,(anonymous_0)
FN:20,(anonymous_1)
FNF:2
FNH:0
FNDA:0,(anonymous_0)
FNDA:0,(anonymous_1)
DA:1,3
DA:2,3
DA:3,3
DA:4,3
DA:6,3
DA:7,3
DA:8,3
DA:10,3
DA:13,3
DA:14,0
DA:15,0
DA:20,3
DA:23,0
DA:24,0
DA:26,0
DA:27,0
DA:29,0
DA:30,0
DA:32,0
DA:34,0
DA:47,0
DA:48,0
DA:54,0
DA:57,0
DA:61,3
LF:25
LH:11
BRDA:24,0,0,0
BRDA:24,0,1,0
BRDA:27,1,0,0
BRDA:27,1,1,0
BRDA:30,2,0,0
BRDA:30,2,1,0
BRDA:32,3,0,0
BRDA:32,3,1,0
BRF:8
BRH:0
end_of_record
TN:
SF:routes\returns.js
FN:11,(anonymous_0)
FNF:1
FNH:1
FNDA:5,(anonymous_0)
DA:1,3
DA:2,3
DA:3,3
DA:4,3
DA:5,3
DA:6,3
DA:7,3
DA:8,3
DA:9,3
DA:11,3
DA:12,5
DA:13,4
DA:14,3
DA:18,3
DA:19,3
DA:20,3
DA:23,3
LF:17
LH:17
BRDA:12,0,0,1
BRDA:12,0,1,4
BRDA:13,1,0,1
BRDA:13,1,1,3
BRDA:18,2,0,0
BRDA:18,2,1,3
BRDA:19,3,0,0
BRDA:19,3,1,3
BRF:8
BRH:6
end_of_record
TN:
SF:routes\users.js
FN:11,(anonymous_0)
FN:18,(anonymous_1)
FNF:2
FNH:0
FNDA:0,(anonymous_0)
FNDA:0,(anonymous_1)
DA:1,3
DA:2,3
DA:3,3
DA:4,3
DA:5,3
DA:6,3
DA:7,3
DA:8,3
DA:11,3
DA:12,0
DA:13,0
DA:18,3
DA:19,0
DA:22,0
DA:24,0
DA:25,0
DA:27,0
DA:28,0
DA:29,0
DA:30,0
DA:32,0
DA:33,0
DA:36,3
LF:23
LH:11
BRDA:22,0,0,0
BRDA:22,0,1,0
BRDA:25,1,0,0
BRDA:25,1,1,0
BRF:4
BRH:0
end_of_record
TN:
SF:startup\config.js
FN:2,(anonymous_0)
FNF:1
FNH:1
FNDA:3,(anonymous_0)
DA:1,3
DA:2,3
DA:3,3
DA:4,0
LF:4
LH:3
BRDA:3,0,0,0
BRDA:3,0,1,3
BRF:2
BRH:1
end_of_record
TN:
SF:startup\db.js
FN:4,(anonymous_0)
FN:7,(anonymous_1)
FNF:2
FNH:2
FNDA:3,(anonymous_0)
FNDA:3,(anonymous_1)
DA:1,3
DA:2,3
DA:3,3
DA:4,3
DA:5,3
DA:6,3
DA:7,3
LF:7
LH:7
BRF:0
BRH:0
end_of_record
TN:
SF:startup\logging.js
FN:4,(anonymous_0)
FN:8,(anonymous_1)
FNF:2
FNH:1
FNDA:3,(anonymous_0)
FNDA:0,(anonymous_1)
DA:1,3
DA:2,3
DA:3,3
DA:4,3
DA:5,3
DA:8,3
DA:9,0
DA:11,3
DA:12,3
LF:9
LH:8
BRF:0
BRH:0
end_of_record
TN:
SF:startup\routes.js
FN:11,(anonymous_0)
FNF:1
FNH:1
FNDA:3,(anonymous_0)
DA:1,3
DA:2,3
DA:3,3
DA:4,3
DA:5,3
DA:6,3
DA:7,3
DA:8,3
DA:9,3
DA:11,3
DA:12,3
DA:13,3
DA:14,3
DA:15,3
DA:16,3
DA:17,3
DA:18,3
DA:19,3
DA:20,3
LF:19
LH:19
BRF:0
BRH:0
end_of_record
TN:
SF:startup\validation.js
FN:3,(anonymous_0)
FNF:1
FNH:1
FNDA:3,(anonymous_0)
DA:1,3
DA:2,3
DA:3,3
DA:4,3
LF:4
LH:4
BRF:0
BRH:0
end_of_record
